[INFO «13.12.2017 12:11:39» Express] -> Express server running on port 8080!
[INFO «13.12.2017 12:12:31» Express] -> Express server running on port 8080!
[INFO «13.12.2017 12:13:6» Express routes] -> Registration success | id: 5a30ef2284905c20506fcf73
[INFO «13.12.2017 12:13:12» Express routes] -> Authorization success | id: 5a30ef2284905c20506fcf73
[DEBUG «13.12.2017 12:13:13» SocketIO] -> User connected
[INFO «13.12.2017 12:13:30» Uploader SocketIO] -> File successfully uploaded
[DEBUG «13.12.2017 12:13:34» SocketIO] -> User disconnected
[DEBUG «13.12.2017 12:13:34» SocketIO] -> User connected
[INFO «13.12.2017 12:13:37» Express routes] -> File successfully downloaded | id: 5a30ef3a84905c20506fcf74
[DEBUG «13.12.2017 12:14:56» SocketIO] -> User disconnected
[INFO «13.12.2017 17:11:56» Express] -> Express server running on port 8080!
[INFO «13.12.2017 17:12:54» Express] -> Express server running on port 8080!
[INFO «13.12.2017 17:13:0» Express routes] -> Authorization success | id: 5a30ef2284905c20506fcf73
[DEBUG «13.12.2017 17:13:1» SocketIO] -> User connected
[INFO «13.12.2017 17:13:20» Express] -> Express server running on port 8080!
[DEBUG «13.12.2017 17:13:20» SocketIO] -> User connected
[DEBUG «13.12.2017 17:13:23» SocketIO] -> User disconnected
[INFO «13.12.2017 17:13:30» Express routes] -> Authorization success | id: 5a30ef2284905c20506fcf73
[DEBUG «13.12.2017 17:13:30» SocketIO] -> User connected
[DEBUG «13.12.2017 17:19:17» SocketIO] -> User disconnected
[DEBUG «13.12.2017 17:19:18» SocketIO] -> User connected
[DEBUG «13.12.2017 17:19:38» SocketIO] -> User disconnected
[DEBUG «13.12.2017 17:19:39» SocketIO] -> User connected
[DEBUG «13.12.2017 17:21:14» SocketIO] -> User disconnected
[DEBUG «13.12.2017 17:21:15» SocketIO] -> User connected
[DEBUG «13.12.2017 17:21:26» SocketIO] -> User disconnected
[DEBUG «13.12.2017 17:21:26» SocketIO] -> User connected
[DEBUG «13.12.2017 17:23:7» SocketIO] -> User disconnected
[DEBUG «13.12.2017 17:23:7» SocketIO] -> User connected
[DEBUG «13.12.2017 17:24:2» SocketIO] -> User disconnected
[DEBUG «13.12.2017 17:24:2» SocketIO] -> User connected
[DEBUG «13.12.2017 17:24:22» SocketIO] -> User disconnected
[DEBUG «13.12.2017 17:24:23» SocketIO] -> User connected
[DEBUG «13.12.2017 17:25:53» SocketIO] -> User disconnected
[DEBUG «13.12.2017 17:25:54» SocketIO] -> User connected
[DEBUG «13.12.2017 17:25:55» SocketIO] -> User disconnected
[DEBUG «13.12.2017 17:25:55» SocketIO] -> User connected
[DEBUG «13.12.2017 17:26:12» SocketIO] -> User disconnected
[DEBUG «13.12.2017 17:26:13» SocketIO] -> User connected
[INFO «13.12.2017 17:26:18» Uploader SocketIO] -> File successfully uploaded
[DEBUG «13.12.2017 17:26:20» SocketIO] -> User disconnected
[DEBUG «13.12.2017 17:26:20» SocketIO] -> User connected
[DEBUG «13.12.2017 17:26:34» SocketIO] -> User disconnected
[DEBUG «13.12.2017 17:26:34» SocketIO] -> User connected
[DEBUG «13.12.2017 17:26:40» SocketIO] -> User disconnected
[DEBUG «13.12.2017 17:26:40» SocketIO] -> User connected
[INFO «13.12.2017 17:28:12» Express] -> Express server running on port 8080!
[DEBUG «13.12.2017 17:28:12» SocketIO] -> User connected
[INFO «13.12.2017 17:28:54» Express] -> Express server running on port 8080!
[DEBUG «13.12.2017 17:28:54» SocketIO] -> User connected
[INFO «13.12.2017 17:29:49» Express] -> Express server running on port 8080!
[DEBUG «13.12.2017 17:29:50» SocketIO] -> User connected
[INFO «13.12.2017 17:30:18» Express] -> Express server running on port 8080!
[DEBUG «13.12.2017 17:30:18» SocketIO] -> User connected
[INFO «13.12.2017 17:31:21» Express] -> Express server running on port 8080!
[DEBUG «13.12.2017 17:31:21» SocketIO] -> User connected
[INFO «13.12.2017 17:31:26» Express] -> Express server running on port 8080!
[DEBUG «13.12.2017 17:31:27» SocketIO] -> User connected
[INFO «13.12.2017 17:32:22» Express] -> Express server running on port 8080!
[DEBUG «13.12.2017 17:32:22» SocketIO] -> User connected
[INFO «13.12.2017 17:32:24» Express] -> Express server running on port 8080!
[INFO «13.12.2017 17:32:31» Express routes] -> Authorization success | id: 5a30ef2284905c20506fcf73
[DEBUG «13.12.2017 17:32:33» SocketIO] -> User connected
[INFO «13.12.2017 17:32:38» Uploader SocketIO] -> File successfully uploaded
[DEBUG «13.12.2017 17:32:40» SocketIO] -> User disconnected
[DEBUG «13.12.2017 17:32:41» SocketIO] -> User connected
[DEBUG «13.12.2017 17:32:58» SocketIO] -> User disconnected
[DEBUG «13.12.2017 17:32:58» SocketIO] -> User connected
[INFO «13.12.2017 17:33:35» Uploader SocketIO] -> File successfully uploaded
[DEBUG «13.12.2017 17:33:39» SocketIO] -> User disconnected
[DEBUG «13.12.2017 17:33:40» SocketIO] -> User connected
[DEBUG «13.12.2017 17:35:31» SocketIO] -> User disconnected
[DEBUG «13.12.2017 17:35:31» SocketIO] -> User connected
[DEBUG «13.12.2017 17:35:33» SocketIO] -> User disconnected
[INFO «13.12.2017 17:35:49» Express routes] -> Registration success | id: 5a313ac50d80670a388e0688
[INFO «13.12.2017 17:35:52» Express routes] -> Authorization success | id: 5a313ac50d80670a388e0688
[DEBUG «13.12.2017 17:35:53» SocketIO] -> User connected
[INFO «13.12.2017 17:35:57» Uploader SocketIO] -> File successfully uploaded
[DEBUG «13.12.2017 17:35:59» SocketIO] -> User disconnected
[DEBUG «13.12.2017 17:36:0» SocketIO] -> User connected
[INFO «13.12.2017 17:36:54» Express] -> Express server running on port 8080!
[INFO «13.12.2017 17:36:58» Express routes] -> Authorization success | id: 5a313ac50d80670a388e0688
[DEBUG «13.12.2017 17:36:58» SocketIO] -> User connected
[INFO «13.12.2017 17:37:1» Uploader SocketIO] -> File successfully uploaded
[DEBUG «13.12.2017 17:37:3» SocketIO] -> User disconnected
[DEBUG «13.12.2017 17:37:3» SocketIO] -> User connected
[INFO «13.12.2017 17:37:25» Express] -> Express server running on port 8080!
[DEBUG «13.12.2017 17:37:26» SocketIO] -> User connected
[INFO «13.12.2017 17:37:46» Express] -> Express server running on port 8080!
[DEBUG «13.12.2017 17:37:46» SocketIO] -> User connected
[DEBUG «13.12.2017 17:38:6» SocketIO] -> User disconnected
[INFO «13.12.2017 17:38:8» Express routes] -> Authorization success | id: 5a313ac50d80670a388e0688
[DEBUG «13.12.2017 17:38:9» SocketIO] -> User connected
[INFO «13.12.2017 17:38:12» Uploader SocketIO] -> File successfully uploaded
[DEBUG «13.12.2017 17:38:13» SocketIO] -> User disconnected
[DEBUG «13.12.2017 17:38:15» SocketIO] -> User connected
[DEBUG «13.12.2017 17:38:18» SocketIO] -> User disconnected
[DEBUG «13.12.2017 17:38:23» SocketIO] -> User connected
[DEBUG «13.12.2017 17:38:24» SocketIO] -> User disconnected
[INFO «13.12.2017 17:38:43» Express] -> Express server running on port 8080!
[INFO «13.12.2017 17:38:53» Express routes] -> Authorization success | id: 5a313ac50d80670a388e0688
[DEBUG «13.12.2017 17:38:53» SocketIO] -> User connected
[INFO «13.12.2017 17:39:5» Uploader SocketIO] -> File successfully uploaded
[DEBUG «13.12.2017 17:39:6» SocketIO] -> User disconnected
[DEBUG «13.12.2017 17:39:6» SocketIO] -> User connected
[DEBUG «13.12.2017 17:39:8» SocketIO] -> User disconnected
[DEBUG «13.12.2017 17:39:8» SocketIO] -> User connected
[INFO «13.12.2017 17:39:9» Express routes] -> File successfully downloaded | id: 5a313b89140895195c377dc4
[DEBUG «13.12.2017 17:39:12» SocketIO] -> User disconnected
[DEBUG «13.12.2017 17:39:33» SocketIO] -> User connected
[INFO «13.12.2017 17:40:1» Express] -> Express server running on port 8080!
[DEBUG «13.12.2017 17:40:1» SocketIO] -> User connected
[INFO «13.12.2017 17:40:5» Express] -> Express server running on port 8080!
[DEBUG «13.12.2017 17:40:5» SocketIO] -> User connected
[DEBUG «13.12.2017 17:40:10» SocketIO] -> User disconnected
[INFO «13.12.2017 17:40:12» Express routes] -> Authorization success | id: 5a313ac50d80670a388e0688
[DEBUG «13.12.2017 17:40:13» SocketIO] -> User connected
[INFO «13.12.2017 17:40:18» Uploader SocketIO] -> File successfully uploaded
[DEBUG «13.12.2017 17:40:20» SocketIO] -> User disconnected
[DEBUG «13.12.2017 17:40:20» SocketIO] -> User connected
[INFO «13.12.2017 17:40:39» Express] -> Express server running on port 8080!
[DEBUG «13.12.2017 17:40:39» SocketIO] -> User connected
[INFO «13.12.2017 17:40:42» Express routes] -> Authorization success | id: 5a313ac50d80670a388e0688
[DEBUG «13.12.2017 17:40:43» SocketIO] -> User connected
[INFO «13.12.2017 17:40:46» Uploader SocketIO] -> File successfully uploaded
[DEBUG «13.12.2017 17:40:47» SocketIO] -> User disconnected
[DEBUG «13.12.2017 17:40:47» SocketIO] -> User connected
[DEBUG «13.12.2017 17:40:49» SocketIO] -> User disconnected
[DEBUG «13.12.2017 17:40:50» SocketIO] -> User connected
[INFO «13.12.2017 17:41:15» Express] -> Express server running on port 8080!
[DEBUG «13.12.2017 17:41:15» SocketIO] -> User connected
[INFO «13.12.2017 17:41:23» Express] -> Express server running on port 8080!
[DEBUG «13.12.2017 17:41:23» SocketIO] -> User connected
[DEBUG «13.12.2017 17:41:24» SocketIO] -> User disconnected
[INFO «13.12.2017 17:41:27» Express routes] -> Authorization success | id: 5a313ac50d80670a388e0688
[DEBUG «13.12.2017 17:41:27» SocketIO] -> User connected
[INFO «13.12.2017 17:41:30» Uploader SocketIO] -> File successfully uploaded
[DEBUG «13.12.2017 17:41:32» SocketIO] -> User disconnected
[DEBUG «13.12.2017 17:41:32» SocketIO] -> User connected
[INFO «13.12.2017 17:42:14» Express] -> Express server running on port 8080!
[INFO «13.12.2017 17:42:23» Express routes] -> Authorization success | id: 5a313ac50d80670a388e0688
[DEBUG «13.12.2017 17:42:24» SocketIO] -> User connected
[INFO «13.12.2017 17:42:27» Uploader SocketIO] -> File successfully uploaded
[DEBUG «13.12.2017 17:42:28» SocketIO] -> User disconnected
[DEBUG «13.12.2017 17:42:28» SocketIO] -> User connected
[INFO «13.12.2017 17:44:25» Express] -> Express server running on port 8080!
[INFO «13.12.2017 17:44:34» Express routes] -> Authorization success | id: 5a313ac50d80670a388e0688
[DEBUG «13.12.2017 17:44:35» SocketIO] -> User connected
[INFO «13.12.2017 17:44:39» Uploader SocketIO] -> File successfully uploaded
[DEBUG «13.12.2017 17:44:39» SocketIO] -> User disconnected
[DEBUG «13.12.2017 17:44:40» SocketIO] -> User connected
[DEBUG «13.12.2017 17:45:1» SocketIO] -> User connected
[INFO «13.12.2017 17:45:55» Express] -> Express server running on port 8080!
[INFO «13.12.2017 17:45:55» Express routes] -> Error file removing | id: 5a313cd76c13a50a60678a3f
[DEBUG «13.12.2017 17:45:55» SocketIO] -> User connected
[INFO «13.12.2017 17:46:10» Express] -> Express server running on port 8080!
[INFO «13.12.2017 17:46:15» Express routes] -> Authorization success | id: 5a313ac50d80670a388e0688
[DEBUG «13.12.2017 17:46:16» SocketIO] -> User connected
[INFO «13.12.2017 17:46:18» Uploader SocketIO] -> File successfully uploaded
[DEBUG «13.12.2017 17:46:19» SocketIO] -> User disconnected
[DEBUG «13.12.2017 17:46:20» SocketIO] -> User connected
[INFO «13.12.2017 17:46:21» Express routes] -> Error file removing | id: 5a313d3a6e7c4a09bc6d6aa4
[DEBUG «13.12.2017 17:46:21» SocketIO] -> User disconnected
[DEBUG «13.12.2017 17:46:21» SocketIO] -> User connected
[DEBUG «13.12.2017 17:46:23» SocketIO] -> User disconnected
[DEBUG «13.12.2017 17:46:23» SocketIO] -> User connected
[DEBUG «13.12.2017 17:47:11» SocketIO] -> User disconnected
[DEBUG «13.12.2017 17:47:12» SocketIO] -> User connected
[INFO «13.12.2017 17:47:14» Uploader SocketIO] -> File successfully uploaded
[DEBUG «13.12.2017 17:47:16» SocketIO] -> User disconnected
[DEBUG «13.12.2017 17:47:17» SocketIO] -> User connected
[INFO «13.12.2017 17:47:21» Express routes] -> Error file removing | id: 5a313d726e7c4a09bc6d6aa5
[DEBUG «13.12.2017 17:47:21» SocketIO] -> User disconnected
[DEBUG «13.12.2017 17:47:22» SocketIO] -> User connected
[INFO «13.12.2017 17:47:50» Express] -> Express server running on port 8080!
[DEBUG «13.12.2017 17:47:50» SocketIO] -> User connected
[INFO «13.12.2017 17:48:4» Express] -> Express server running on port 8080!
[DEBUG «13.12.2017 17:48:5» SocketIO] -> User connected
[INFO «13.12.2017 17:58:12» Express] -> Express server running on port 8080!
[DEBUG «13.12.2017 17:58:12» SocketIO] -> User connected
[INFO «13.12.2017 17:58:20» Express] -> Express server running on port 8080!
[DEBUG «13.12.2017 17:58:21» SocketIO] -> User connected
[DEBUG «13.12.2017 17:58:24» SocketIO] -> User disconnected
[INFO «13.12.2017 17:58:28» Express routes] -> Authorization success | id: 5a313ac50d80670a388e0688
[DEBUG «13.12.2017 17:58:30» SocketIO] -> User connected
[INFO «13.12.2017 17:58:35» Uploader SocketIO] -> File successfully uploaded
[DEBUG «13.12.2017 17:58:37» SocketIO] -> User disconnected
[DEBUG «13.12.2017 17:58:37» SocketIO] -> User connected
[INFO «13.12.2017 17:58:43» Express routes] -> Error file removing | id: 5a31401b0e982d21d80cd76a
[DEBUG «13.12.2017 17:58:43» SocketIO] -> User disconnected
[DEBUG «13.12.2017 17:58:43» SocketIO] -> User connected
[INFO «13.12.2017 17:59:36» Express] -> Express server running on port 8080!
[DEBUG «13.12.2017 17:59:36» SocketIO] -> User connected
[DEBUG «13.12.2017 17:59:37» SocketIO] -> User disconnected
[INFO «13.12.2017 17:59:40» Express routes] -> Authorization success | id: 5a313ac50d80670a388e0688
[DEBUG «13.12.2017 17:59:40» SocketIO] -> User connected
[INFO «13.12.2017 17:59:44» Uploader SocketIO] -> File successfully uploaded
[DEBUG «13.12.2017 17:59:45» SocketIO] -> User disconnected
[DEBUG «13.12.2017 17:59:45» SocketIO] -> User connected
[INFO «13.12.2017 17:59:47» Express routes] -> Error file removing | id: 5a3140601242bb0df0e92e6a
[DEBUG «13.12.2017 17:59:48» SocketIO] -> User disconnected
[DEBUG «13.12.2017 17:59:48» SocketIO] -> User connected
[INFO «13.12.2017 18:0:39» Express] -> Express server running on port 8080!
[DEBUG «13.12.2017 18:0:39» SocketIO] -> User connected
[INFO «13.12.2017 18:0:56» Express] -> Express server running on port 8080!
[DEBUG «13.12.2017 18:0:56» SocketIO] -> User connected
[INFO «13.12.2017 18:0:59» Express routes] -> Authorization success | id: 5a313ac50d80670a388e0688
[DEBUG «13.12.2017 18:1:0» SocketIO] -> User connected
[INFO «13.12.2017 18:1:2» Uploader SocketIO] -> File successfully uploaded
[DEBUG «13.12.2017 18:1:3» SocketIO] -> User disconnected
[DEBUG «13.12.2017 18:1:4» SocketIO] -> User connected
[INFO «13.12.2017 18:1:5» Express routes] -> File successfully removed | id: undefined
[INFO «13.12.2017 18:1:5» Express routes] -> Error file removing | id: 5a3140ae888e6a23a0505f49
[DEBUG «13.12.2017 18:1:5» SocketIO] -> User disconnected
[DEBUG «13.12.2017 18:1:5» SocketIO] -> User connected
[INFO «13.12.2017 18:1:34» Express] -> Express server running on port 8080!
[DEBUG «13.12.2017 18:1:34» SocketIO] -> User connected
[INFO «13.12.2017 18:1:56» Express] -> Express server running on port 8080!
[DEBUG «13.12.2017 18:1:56» SocketIO] -> User connected
[DEBUG «13.12.2017 18:1:57» SocketIO] -> User disconnected
[INFO «13.12.2017 18:1:59» Express routes] -> Authorization success | id: 5a313ac50d80670a388e0688
[DEBUG «13.12.2017 18:2:0» SocketIO] -> User connected
[INFO «13.12.2017 18:2:2» Uploader SocketIO] -> File successfully uploaded
[DEBUG «13.12.2017 18:2:3» SocketIO] -> User disconnected
[DEBUG «13.12.2017 18:2:4» SocketIO] -> User connected
[INFO «13.12.2017 18:2:5» Express routes] -> File successfully removed | id: undefined
[INFO «13.12.2017 18:2:5» Express routes] -> Error file removing | id: 5a3140ea224b502380596384
[DEBUG «13.12.2017 18:2:5» SocketIO] -> User disconnected
[DEBUG «13.12.2017 18:2:6» SocketIO] -> User connected
[INFO «13.12.2017 18:2:45» Express] -> Express server running on port 8080!
[DEBUG «13.12.2017 18:2:45» SocketIO] -> User connected
[INFO «13.12.2017 18:3:22» Express] -> Express server running on port 8080!
[DEBUG «13.12.2017 18:3:22» SocketIO] -> User connected
[INFO «13.12.2017 18:3:25» Express] -> Express server running on port 8080!
[DEBUG «13.12.2017 18:3:25» SocketIO] -> User connected
[INFO «13.12.2017 18:3:28» Express routes] -> Authorization success | id: 5a313ac50d80670a388e0688
[DEBUG «13.12.2017 18:3:28» SocketIO] -> User connected
[INFO «13.12.2017 18:3:31» Uploader SocketIO] -> File successfully uploaded
[DEBUG «13.12.2017 18:3:32» SocketIO] -> User disconnected
[DEBUG «13.12.2017 18:3:32» SocketIO] -> User connected
[INFO «13.12.2017 18:3:34» Express routes] -> File successfully removed | id: undefined
[DEBUG «13.12.2017 18:3:34» SocketIO] -> User disconnected
[DEBUG «13.12.2017 18:3:35» SocketIO] -> User connected
[INFO «13.12.2017 18:3:52» Express] -> Express server running on port 8080!
[DEBUG «13.12.2017 18:3:53» SocketIO] -> User connected
[INFO «13.12.2017 18:3:58» Express] -> Express server running on port 8080!
[DEBUG «13.12.2017 18:3:58» SocketIO] -> User connected
[DEBUG «13.12.2017 18:4:0» SocketIO] -> User disconnected
[INFO «13.12.2017 18:4:4» Express routes] -> Authorization success | id: 5a313ac50d80670a388e0688
[DEBUG «13.12.2017 18:4:5» SocketIO] -> User connected
[INFO «13.12.2017 18:4:7» Uploader SocketIO] -> File successfully uploaded
[DEBUG «13.12.2017 18:4:9» SocketIO] -> User disconnected
[DEBUG «13.12.2017 18:4:10» SocketIO] -> User connected
[INFO «13.12.2017 18:4:12» Express routes] -> File successfully removed | id: undefined
[DEBUG «13.12.2017 18:4:12» SocketIO] -> User disconnected
[DEBUG «13.12.2017 18:4:13» SocketIO] -> User connected
[INFO «13.12.2017 18:7:41» Express] -> Express server running on port 8080!
[DEBUG «13.12.2017 18:7:41» SocketIO] -> User connected
[INFO «13.12.2017 18:8:29» Express] -> Express server running on port 8080!
[DEBUG «13.12.2017 18:8:29» SocketIO] -> User connected
[INFO «13.12.2017 18:8:38» Express] -> Express server running on port 8080!
[DEBUG «13.12.2017 18:8:39» SocketIO] -> User connected
[DEBUG «13.12.2017 18:8:45» SocketIO] -> User disconnected
[INFO «13.12.2017 18:8:47» Express routes] -> Authorization success | id: 5a313ac50d80670a388e0688
[DEBUG «13.12.2017 18:8:48» SocketIO] -> User connected
[INFO «13.12.2017 18:8:51» Uploader SocketIO] -> File successfully uploaded
[DEBUG «13.12.2017 18:8:51» SocketIO] -> User disconnected
[DEBUG «13.12.2017 18:8:52» SocketIO] -> User connected
[DEBUG «13.12.2017 18:8:53» SocketIO] -> User disconnected
[DEBUG «13.12.2017 18:8:54» SocketIO] -> User connected
[INFO «13.12.2017 18:8:54» Express routes] -> File successfully removed | id: 5a3142831265b611f0e3552b
[INFO «13.12.2017 18:9:32» Express] -> Express server running on port 8080!
[DEBUG «13.12.2017 18:9:34» SocketIO] -> User connected
[INFO «13.12.2017 18:10:0» Express] -> Express server running on port 8080!
[DEBUG «13.12.2017 18:10:0» SocketIO] -> User connected
[DEBUG «13.12.2017 18:10:2» SocketIO] -> User disconnected
[INFO «13.12.2017 18:10:5» Express routes] -> Authorization success | id: 5a313ac50d80670a388e0688
[DEBUG «13.12.2017 18:10:6» SocketIO] -> User connected
[DEBUG «13.12.2017 18:10:18» SocketIO] -> User disconnected
[DEBUG «13.12.2017 18:10:18» SocketIO] -> User connected
[INFO «13.12.2017 18:10:20» Uploader SocketIO] -> File successfully uploaded
[INFO «13.12.2017 18:10:23» Uploader SocketIO] -> File successfully uploaded
[DEBUG «13.12.2017 18:10:24» SocketIO] -> User disconnected
[DEBUG «13.12.2017 18:10:25» SocketIO] -> User connected
[INFO «13.12.2017 18:10:28» Express routes] -> File successfully removed | id: 5a3142dc7884131a14129e41
[DEBUG «13.12.2017 18:10:28» SocketIO] -> User disconnected
[DEBUG «13.12.2017 18:10:28» SocketIO] -> User connected
[DEBUG «13.12.2017 18:17:40» SocketIO] -> User disconnected
[DEBUG «13.12.2017 18:17:40» SocketIO] -> User connected
[DEBUG «13.12.2017 18:17:51» SocketIO] -> User disconnected
[DEBUG «13.12.2017 18:18:14» SocketIO] -> User connected
[DEBUG «13.12.2017 18:19:14» SocketIO] -> User disconnected
[DEBUG «13.12.2017 18:19:15» SocketIO] -> User connected
[DEBUG «13.12.2017 18:19:30» SocketIO] -> User disconnected
[DEBUG «13.12.2017 18:19:30» SocketIO] -> User connected
[DEBUG «13.12.2017 18:19:47» SocketIO] -> User disconnected
[DEBUG «13.12.2017 18:19:47» SocketIO] -> User connected
[DEBUG «13.12.2017 18:20:52» SocketIO] -> User disconnected
[DEBUG «13.12.2017 18:21:34» SocketIO] -> User connected
[DEBUG «13.12.2017 18:21:39» SocketIO] -> User disconnected
[DEBUG «13.12.2017 18:21:40» SocketIO] -> User connected
[DEBUG «13.12.2017 18:43:9» SocketIO] -> User disconnected
[DEBUG «13.12.2017 18:43:10» SocketIO] -> User connected
[DEBUG «13.12.2017 18:50:44» SocketIO] -> User disconnected
