[INFO «10.12.2017 23:11:48» Express] -> Express server running on port 8080!
[INFO «10.12.2017 23:25:16» Express] -> Express server running on port 8080!
[INFO «10.12.2017 23:25:58» Express routes] -> Authorization success | id: 5a2d52e42360de117081d8da
[DEBUG «10.12.2017 23:25:59» SocketIO] -> User connected
[INFO «10.12.2017 23:26:27» Uploader SocketIO] -> File successfully uploaded
[INFO «10.12.2017 23:26:34» Express routes] -> File successfully downloaded | id: 5a2d66d62116bd06b0ee0edc
[INFO «10.12.2017 23:30:22» Express] -> Express server running on port 8080!
[DEBUG «10.12.2017 23:30:24» SocketIO] -> User connected
[DEBUG «10.12.2017 23:30:27» SocketIO] -> User disconnected
[INFO «10.12.2017 23:30:33» Express routes] -> Authorization success | id: 5a2d52e42360de117081d8da
[DEBUG «10.12.2017 23:30:34» SocketIO] -> User connected
[INFO «10.12.2017 23:30:34» Express routes] -> File successfully downloaded | id: 5a2d66d62116bd06b0ee0edc
[INFO «10.12.2017 23:31:43» Express] -> Express server running on port 8080!
[DEBUG «10.12.2017 23:31:48» SocketIO] -> User connected
[INFO «10.12.2017 23:32:26» Express] -> Express server running on port 8080!
[DEBUG «10.12.2017 23:32:26» SocketIO] -> User connected
[DEBUG «10.12.2017 23:32:34» SocketIO] -> User disconnected
[INFO «10.12.2017 23:32:38» Express routes] -> Authorization success | id: 5a2d52e42360de117081d8da
[DEBUG «10.12.2017 23:32:39» SocketIO] -> User connected
[INFO «10.12.2017 23:32:44» Express routes] -> File successfully downloaded | id: 5a2d674307002e11fc869687
[INFO «10.12.2017 23:33:7» Uploader SocketIO] -> File successfully uploaded
[INFO «10.12.2017 23:34:11» Express] -> Express server running on port 8080!
[INFO «10.12.2017 23:34:17» Express routes] -> Authorization success | id: 5a2d52e42360de117081d8da
[DEBUG «10.12.2017 23:34:17» SocketIO] -> User connected
[INFO «10.12.2017 23:34:20» Uploader SocketIO] -> File successfully uploaded
[INFO «10.12.2017 23:34:34» Uploader SocketIO] -> File successfully uploaded
[DEBUG «10.12.2017 23:34:38» SocketIO] -> User disconnected
[DEBUG «10.12.2017 23:34:38» SocketIO] -> User connected
[INFO «10.12.2017 23:34:39» Express routes] -> File successfully downloaded | id: 5a2d9a4c1fcfd612f0127035
[INFO «10.12.2017 23:34:47» Express routes] -> File successfully downloaded | id: 5a2d66ce2116bd06b0ee0eda
[INFO «10.12.2017 23:35:16» Express] -> Express server running on port 8080!
[DEBUG «10.12.2017 23:35:16» SocketIO] -> User connected
[DEBUG «10.12.2017 23:35:18» SocketIO] -> User disconnected
[INFO «10.12.2017 23:35:20» Express routes] -> Authorization success | id: 5a2d52e42360de117081d8da
[DEBUG «10.12.2017 23:35:21» SocketIO] -> User connected
[INFO «10.12.2017 23:35:25» Uploader SocketIO] -> File successfully uploaded
[INFO «10.12.2017 23:35:53» Express] -> Express server running on port 8080!
[DEBUG «10.12.2017 23:35:53» SocketIO] -> User connected
[DEBUG «10.12.2017 23:35:53» SocketIO] -> User disconnected
[INFO «10.12.2017 23:36:6» Express routes] -> Authorization success | id: 5a2d52e42360de117081d8da
[DEBUG «10.12.2017 23:36:6» SocketIO] -> User connected
[DEBUG «10.12.2017 23:36:7» SocketIO] -> User disconnected
[DEBUG «10.12.2017 23:36:7» SocketIO] -> User connected
[DEBUG «10.12.2017 23:36:7» SocketIO] -> User connected
[DEBUG «10.12.2017 23:36:8» SocketIO] -> User connected
[INFO «10.12.2017 23:36:24» Uploader SocketIO] -> File successfully uploaded
[DEBUG «10.12.2017 23:37:32» SocketIO] -> User disconnected
[DEBUG «10.12.2017 23:37:32» SocketIO] -> User disconnected
[INFO «10.12.2017 23:37:38» Express] -> Express server running on port 8080!
[DEBUG «10.12.2017 23:37:38» SocketIO] -> User connected
[DEBUG «10.12.2017 23:37:49» SocketIO] -> User disconnected
[INFO «10.12.2017 23:37:59» Express routes] -> Authorization success | id: 5a2d52e42360de117081d8da
[DEBUG «10.12.2017 23:37:59» SocketIO] -> User connected
[INFO «10.12.2017 23:38:11» Uploader SocketIO] -> File successfully uploaded
