[INFO «5.6.2018 10:36:56» Express] -> Express server running on port 8080!
[INFO «5.6.2018 10:37:56» Express] -> Express server running on port 8080!
[INFO «5.6.2018 10:38:38» Express routes] -> Authorization success | id: 5b14d79b01ab8d0a58f600d3
[INFO «5.6.2018 10:39:19» Express routes] -> File successfully removed | id: 5b150af5460de9111cb822ff
[INFO «5.6.2018 11:36:20» Express] -> Express server running on port 8080!
[INFO «5.6.2018 11:36:31» Express routes] -> Authorization success | id: 5b14d79b01ab8d0a58f600d3
[INFO «5.6.2018 11:37:53» Express] -> Express server running on port 8080!
[INFO «5.6.2018 11:37:58» Express] -> Express server running on port 8080!
[INFO «5.6.2018 11:38:5» Express] -> Express server running on port 8080!
[INFO «5.6.2018 11:40:23» Express] -> Express server running on port 8080!
[INFO «5.6.2018 11:40:39» Express] -> Express server running on port 8080!
[INFO «5.6.2018 11:40:55» Express] -> Express server running on port 8080!
[INFO «5.6.2018 11:41:6» Express routes] -> Authorization success | id: 5b14d79b01ab8d0a58f600d3
[INFO «5.6.2018 11:41:32» Express] -> Express server running on port 8080!
[INFO «5.6.2018 11:41:39» Express] -> Express server running on port 8080!
[INFO «5.6.2018 11:41:53» Express routes] -> Authorization success | id: 5b14d79b01ab8d0a58f600d3
[INFO «5.6.2018 11:42:40» Express] -> Express server running on port 8080!
[INFO «5.6.2018 11:42:45» Express routes] -> Authorization success | id: 5b14d79b01ab8d0a58f600d3
[INFO «5.6.2018 11:43:12» Express] -> Express server running on port 8080!
[INFO «5.6.2018 11:43:22» Express routes] -> Authorization success | id: 5b14d79b01ab8d0a58f600d3
[INFO «5.6.2018 11:44:25» Express] -> Express server running on port 8080!
[INFO «5.6.2018 11:44:26» Express routes] -> Authorization success | id: 5b14d79b01ab8d0a58f600d3
[INFO «5.6.2018 11:44:55» Express] -> Express server running on port 8080!
[INFO «5.6.2018 11:45:2» Express routes] -> Authorization success | id: 5b14d79b01ab8d0a58f600d3
[INFO «5.6.2018 11:50:23» Express] -> Express server running on port 8080!
[INFO «5.6.2018 11:50:25» Express routes] -> Authorization success | id: 5b14d79b01ab8d0a58f600d3
[INFO «5.6.2018 11:52:8» Express] -> Express server running on port 8080!
[INFO «5.6.2018 11:52:13» Express routes] -> Authorization success | id: 5b14d79b01ab8d0a58f600d3
[INFO «5.6.2018 11:56:57» Express] -> Express server running on port 8080!
[INFO «5.6.2018 11:57:5» Express routes] -> Authorization success | id: 5b14d79b01ab8d0a58f600d3
[INFO «5.6.2018 11:59:48» Express] -> Express server running on port 8080!
[INFO «5.6.2018 11:59:50» Express routes] -> Authorization success | id: 5b14d79b01ab8d0a58f600d3
[INFO «5.6.2018 12:2:47» Express] -> Express server running on port 8080!
[INFO «5.6.2018 12:2:48» Express routes] -> Authorization success | id: 5b14d79b01ab8d0a58f600d3
[INFO «5.6.2018 12:4:51» Express] -> Express server running on port 8080!
[INFO «5.6.2018 12:4:54» Express routes] -> Authorization success | id: 5b14d79b01ab8d0a58f600d3
[INFO «5.6.2018 12:8:25» Express] -> Express server running on port 8080!
[INFO «5.6.2018 12:8:27» Express routes] -> Authorization success | id: 5b14d79b01ab8d0a58f600d3
[INFO «5.6.2018 12:10:23» Express routes] -> File successfully removed | id: 5b150aec460de9111cb822fe
[INFO «5.6.2018 12:10:25» Express routes] -> File successfully removed | id: 5b150ae3460de9111cb822fd
[INFO «5.6.2018 12:10:26» Express routes] -> File successfully removed | id: 5b150adf460de9111cb822fc
[INFO «5.6.2018 12:15:21» Express] -> Express server running on port 8080!
[INFO «5.6.2018 12:15:26» Express] -> Express server running on port 8080!
[INFO «5.6.2018 12:15:31» Express routes] -> Authorization success | id: 5b14d79b01ab8d0a58f600d3
[INFO «5.6.2018 12:16:21» Express] -> Express server running on port 8080!
[INFO «5.6.2018 12:16:26» Express routes] -> Authorization success | id: 5b14d79b01ab8d0a58f600d3
[INFO «5.6.2018 12:17:40» Express] -> Express server running on port 8080!
[INFO «5.6.2018 12:17:42» Express routes] -> Authorization success | id: 5b14d79b01ab8d0a58f600d3
[INFO «5.6.2018 12:20:42» Express] -> Express server running on port 8080!
[INFO «5.6.2018 12:24:13» Express] -> Express server running on port 8080!
[INFO «5.6.2018 12:24:15» Express routes] -> Authorization success | id: 5b14d79b01ab8d0a58f600d3
[INFO «5.6.2018 12:27:16» Express routes] -> File successfully removed | id: 5b165399f567240b84f53f41
[INFO «5.6.2018 12:27:18» Express routes] -> File successfully removed | id: 5b165399f567240b84f53f42
[INFO «5.6.2018 12:27:23» Express routes] -> File successfully removed | id: 5b16539bf567240b84f53f43
[INFO «5.6.2018 12:27:25» Express routes] -> File successfully removed | id: 5b165412f567240b84f53f44
[DEBUG «5.6.2018 12:27:27» Express routes] -> User quit | id: 5b14d79b01ab8d0a58f600d3
[INFO «5.6.2018 12:27:31» Express routes] -> Authorization success | id: 5b14d79b01ab8d0a58f600d3
[INFO «5.6.2018 12:27:34» Express routes] -> File successfully removed | id: 5b1654b8baf19614b0d7f2c9
[INFO «5.6.2018 12:27:36» Express routes] -> File successfully removed | id: 5b1654efe127500ef0b65a06
[INFO «5.6.2018 12:28:1» Express routes] -> File successfully removed | id: 5b16553c0348461d24382671
[INFO «5.6.2018 12:28:5» Express routes] -> File successfully removed | id: 5b1656c79742e10224bed695
[INFO «5.6.2018 12:28:57» Express routes] -> File successfully removed | id: 5b16576f9742e10224bed697
[INFO «5.6.2018 12:29:10» Express routes] -> File successfully removed | id: 5b1656cc9742e10224bed696
[INFO «5.6.2018 12:29:12» Express routes] -> File successfully removed | id: 5b16578b9742e10224bed698
[INFO «5.6.2018 12:29:14» Express routes] -> File successfully removed | id: 5b1657939742e10224bed699
[INFO «5.6.2018 12:29:15» Express routes] -> File successfully removed | id: 5b1657939742e10224bed69a
[INFO «5.6.2018 12:29:17» Express routes] -> File successfully removed | id: 5b1657939742e10224bed69b
[INFO «5.6.2018 12:29:19» Express routes] -> File successfully removed | id: 5b1657939742e10224bed69c
[INFO «5.6.2018 12:29:21» Express routes] -> File successfully removed | id: 5b1657d29742e10224bed69d
[INFO «5.6.2018 12:29:22» Express routes] -> File successfully removed | id: 5b1657d29742e10224bed69e
[INFO «5.6.2018 12:29:44» Express routes] -> File successfully removed | id: 5b1657d49742e10224bed69f
[INFO «5.6.2018 12:59:51» Express] -> Express server running on port 8080!
[INFO «5.6.2018 13:0:57» Express routes] -> Authorization success | id: 5b14d79b01ab8d0a58f600d3
[INFO «5.6.2018 13:1:34» Express routes] -> File successfully removed | id: 5b165f715fd664044870e235
[INFO «5.6.2018 13:1:36» Express routes] -> File successfully removed | id: 5b165f755fd664044870e23a
[INFO «5.6.2018 13:1:52» Express routes] -> File successfully removed | id: 5b165f715fd664044870e237
[INFO «5.6.2018 13:1:59» Express routes] -> File successfully removed | id: 5b165f715fd664044870e236
[INFO «5.6.2018 13:2:0» Express routes] -> File successfully removed | id: 5b165f715fd664044870e238
[INFO «5.6.2018 13:2:1» Express routes] -> File successfully removed | id: 5b165f725fd664044870e239
[INFO «5.6.2018 13:4:24» Express] -> Express server running on port 8080!
[INFO «5.6.2018 13:4:26» Express routes] -> Authorization success | id: 5b14d79b01ab8d0a58f600d3
[DEBUG «5.6.2018 13:4:59» Express routes] -> User quit | id: 5b14d79b01ab8d0a58f600d3
[INFO «5.6.2018 13:5:1» Express routes] -> Authorization success | id: 5b14d79b01ab8d0a58f600d3
[INFO «5.6.2018 13:7:16» Express] -> Express server running on port 8080!
[INFO «5.6.2018 13:7:19» Express routes] -> Authorization success | id: 5b14d79b01ab8d0a58f600d3
[INFO «5.6.2018 13:10:6» Express] -> Express server running on port 8080!
[INFO «5.6.2018 13:10:8» Express routes] -> Authorization success | id: 5b14d79b01ab8d0a58f600d3
[INFO «5.6.2018 13:11:41» Express] -> Express server running on port 8080!
[INFO «5.6.2018 13:11:42» Express routes] -> Authorization success | id: 5b14d79b01ab8d0a58f600d3
[INFO «5.6.2018 13:14:53» Express] -> Express server running on port 8080!
[INFO «5.6.2018 13:14:56» Express routes] -> Authorization success | id: 5b14d79b01ab8d0a58f600d3
[INFO «5.6.2018 13:26:49» Express routes] -> File successfully removed | id: 5b165fad5fd664044870e241
[INFO «5.6.2018 13:26:50» Express routes] -> File successfully removed | id: 5b165faf5fd664044870e242
[INFO «5.6.2018 13:26:51» Express routes] -> File successfully removed | id: 5b165fb05fd664044870e243
[INFO «5.6.2018 13:26:52» Express routes] -> File successfully removed | id: 5b1664676805900d9850a40c
[INFO «5.6.2018 13:26:53» Express routes] -> File successfully removed | id: 5b1664806805900d9850a40d
[INFO «5.6.2018 13:30:15» Express] -> Express server running on port 8080!
[INFO «5.6.2018 13:30:16» Express routes] -> Authorization success | id: 5b14d79b01ab8d0a58f600d3
[INFO «5.6.2018 13:31:39» Express routes] -> File successfully downloaded | id: 5b1666700de5950134103657
[INFO «5.6.2018 13:32:37» Express routes] -> File successfully removed | id: 5b165fa75fd664044870e23b
[INFO «5.6.2018 13:32:38» Express routes] -> File successfully removed | id: 5b165fa75fd664044870e23c
[INFO «5.6.2018 13:32:39» Express routes] -> File successfully removed | id: 5b165fa75fd664044870e23d
[INFO «5.6.2018 13:32:41» Express routes] -> File successfully removed | id: 5b165fa75fd664044870e23e
[INFO «5.6.2018 13:32:42» Express routes] -> File successfully removed | id: 5b165fa85fd664044870e23f
[INFO «5.6.2018 13:32:43» Express routes] -> File successfully removed | id: 5b165fa85fd664044870e240
[INFO «5.6.2018 13:32:45» Express routes] -> File successfully removed | id: 5b16664d0de595013410364f
[INFO «5.6.2018 13:32:46» Express routes] -> File successfully removed | id: 5b16664e0de5950134103650
[INFO «5.6.2018 13:32:47» Express routes] -> File successfully removed | id: 5b16664e0de5950134103651
[INFO «5.6.2018 13:32:49» Express routes] -> File successfully removed | id: 5b16664e0de5950134103652
[INFO «5.6.2018 13:32:50» Express routes] -> File successfully removed | id: 5b16665d0de5950134103653
[INFO «5.6.2018 13:32:51» Express routes] -> File successfully removed | id: 5b16666f0de5950134103654
[INFO «5.6.2018 13:32:52» Express routes] -> File successfully removed | id: 5b16666f0de5950134103655
[INFO «5.6.2018 13:32:53» Express routes] -> File successfully removed | id: 5b1666700de5950134103656
[INFO «5.6.2018 13:32:54» Express routes] -> File successfully removed | id: 5b1666700de5950134103657
[INFO «5.6.2018 13:32:55» Express routes] -> File successfully removed | id: 5b1666700de5950134103658
[INFO «5.6.2018 13:32:56» Express routes] -> File successfully removed | id: 5b1666720de5950134103659
[INFO «5.6.2018 13:37:51» Express] -> Express server running on port 8080!
[INFO «5.6.2018 13:37:53» Express routes] -> Authorization success | id: 5b14d79b01ab8d0a58f600d3
[INFO «5.6.2018 13:40:51» Express] -> Express server running on port 8080!
[INFO «5.6.2018 13:40:53» Express routes] -> Authorization success | id: 5b14d79b01ab8d0a58f600d3
[INFO «5.6.2018 13:42:21» Express] -> Express server running on port 8080!
[INFO «5.6.2018 13:42:23» Express routes] -> Authorization success | id: 5b14d79b01ab8d0a58f600d3
[INFO «5.6.2018 13:43:3» Express routes] -> File successfully removed | id: 5b16691e2f35740bd8d56660
[INFO «5.6.2018 13:51:12» Express] -> Express server running on port 8080!
[INFO «5.6.2018 13:51:16» Express routes] -> Authorization success | id: 5b14d79b01ab8d0a58f600d3
[INFO «5.6.2018 13:55:20» Express] -> Express server running on port 8080!
[INFO «5.6.2018 13:55:23» Express routes] -> Authorization success | id: 5b14d79b01ab8d0a58f600d3
[INFO «5.6.2018 13:55:43» Express routes] -> File successfully removed | id: 5b166c2137a2070540700ea6
[INFO «5.6.2018 13:57:15» Express] -> Express server running on port 8080!
[INFO «5.6.2018 13:57:18» Express routes] -> Authorization success | id: 5b14d79b01ab8d0a58f600d3
[INFO «5.6.2018 14:1:20» Express] -> Express server running on port 8080!
[INFO «5.6.2018 14:1:22» Express routes] -> Authorization success | id: 5b14d79b01ab8d0a58f600d3
[INFO «5.6.2018 14:1:40» Express routes] -> File successfully removed | id: 5b166d8d2b973c1ec0a85a25
[INFO «5.6.2018 14:1:41» Express routes] -> File successfully removed | id: 5b166d8d2b973c1ec0a85a26
[INFO «5.6.2018 14:1:41» Express routes] -> File successfully removed | id: 5b166d8d2b973c1ec0a85a27
[INFO «5.6.2018 14:1:42» Express routes] -> File successfully removed | id: 5b166d8d2b973c1ec0a85a28
[INFO «5.6.2018 14:1:43» Express routes] -> File successfully removed | id: 5b166d8e2b973c1ec0a85a29
[INFO «5.6.2018 14:1:44» Express routes] -> File successfully removed | id: 5b166d8e2b973c1ec0a85a2a
