[INFO «9.6.2018 20:59:13» Express] -> Express server running on port 8080!
[INFO «9.6.2018 20:59:19» Express routes] -> Authorization success | id: 5b1426cdf03bac20bcdf4700
[INFO «9.6.2018 21:6:16» Express] -> Express server running on port 8080!
[INFO «9.6.2018 21:6:19» Express routes] -> Authorization success | id: 5b1426cdf03bac20bcdf4700
[INFO «9.6.2018 21:7:25» Express] -> Express server running on port 8080!
[INFO «9.6.2018 21:7:26» Express routes] -> Authorization success | id: 5b1426cdf03bac20bcdf4700
[DEBUG «9.6.2018 21:7:28» Express routes] -> User quit | id: 5b1426cdf03bac20bcdf4700
[INFO «9.6.2018 21:7:29» Express routes] -> Authorization success | id: 5b1426cdf03bac20bcdf4700
[INFO «9.6.2018 21:8:1» Express] -> Express server running on port 8080!
[INFO «9.6.2018 21:8:5» Express routes] -> Authorization success | id: 5b1426cdf03bac20bcdf4700
[INFO «9.6.2018 21:9:41» Express] -> Express server running on port 8080!
[INFO «9.6.2018 21:9:44» Express routes] -> Authorization success | id: 5b1426cdf03bac20bcdf4700
[INFO «9.6.2018 21:10:39» Express] -> Express server running on port 8080!
[INFO «9.6.2018 21:10:41» Express routes] -> Authorization success | id: 5b1426cdf03bac20bcdf4700
[INFO «9.6.2018 21:12:11» Express] -> Express server running on port 8080!
[INFO «9.6.2018 21:15:45» Express] -> Express server running on port 8080!
[INFO «9.6.2018 21:15:56» Express routes] -> Authorization success | id: 5b1426cdf03bac20bcdf4700
[INFO «9.6.2018 21:17:45» Express] -> Express server running on port 8080!
[INFO «9.6.2018 21:19:3» Express routes] -> Authorization success | id: 5b1426cdf03bac20bcdf4700
[INFO «9.6.2018 21:26:53» Express] -> Express server running on port 8080!
[INFO «9.6.2018 21:27:1» Express routes] -> Authorization success | id: 5b1426cdf03bac20bcdf4700
[INFO «9.6.2018 21:28:47» Express] -> Express server running on port 8080!
[INFO «9.6.2018 21:29:6» Express routes] -> Authorization success | id: 5b1426cdf03bac20bcdf4700
[INFO «9.6.2018 21:30:3» Express] -> Express server running on port 8080!
[INFO «9.6.2018 21:30:5» Express routes] -> Authorization success | id: 5b1426cdf03bac20bcdf4700
[INFO «9.6.2018 21:31:12» Express] -> Express server running on port 8080!
[INFO «9.6.2018 21:31:16» Express routes] -> Authorization success | id: 5b1426cdf03bac20bcdf4700
[INFO «9.6.2018 21:42:2» Express] -> Express server running on port 8080!
[INFO «9.6.2018 21:43:21» Express routes] -> Authorization success | id: 5b1426cdf03bac20bcdf4700
[INFO «9.6.2018 21:44:5» Express] -> Express server running on port 8080!
[INFO «9.6.2018 21:44:8» Express routes] -> Authorization success | id: 5b1426cdf03bac20bcdf4700
[INFO «9.6.2018 21:45:7» Express] -> Express server running on port 8080!
[INFO «9.6.2018 21:45:9» Express routes] -> Authorization success | id: 5b1426cdf03bac20bcdf4700
[INFO «9.6.2018 21:49:40» Express] -> Express server running on port 8080!
[INFO «9.6.2018 21:49:43» Express routes] -> Authorization success | id: 5b1426cdf03bac20bcdf4700
[INFO «9.6.2018 21:50:51» Express] -> Express server running on port 8080!
[INFO «9.6.2018 21:51:6» Express routes] -> Authorization success | id: 5b1426cdf03bac20bcdf4700
[INFO «9.6.2018 21:52:3» Express] -> Express server running on port 8080!
[INFO «9.6.2018 21:52:5» Express routes] -> Authorization success | id: 5b1426cdf03bac20bcdf4700
[DEBUG «9.6.2018 21:53:13» Express routes] -> User quit | id: 5b1426cdf03bac20bcdf4700
[INFO «9.6.2018 21:53:23» Express routes] -> Registration success | id: 5b1c2223a2915d1834d384b6
[INFO «9.6.2018 21:54:12» Express] -> Express server running on port 8080!
[INFO «9.6.2018 21:54:34» Express] -> Express server running on port 8080!
[INFO «9.6.2018 21:54:58» Express] -> Express server running on port 8080!
[INFO «9.6.2018 21:55:5» Express routes] -> Authorization success | id: 5b1426cdf03bac20bcdf4700
[INFO «9.6.2018 21:55:53» Express] -> Express server running on port 8080!
[INFO «9.6.2018 21:56:54» Express routes] -> Registration success | id: 5b1c22f6a1fde71560707d5c
[INFO «9.6.2018 21:57:20» Express routes] -> Authorization success | id: 5b1c22f6a1fde71560707d5c
[INFO «9.6.2018 21:58:37» Express] -> Express server running on port 8080!
[INFO «9.6.2018 21:59:0» Express routes] -> Authorization success | id: 5b1c22f6a1fde71560707d5c
[INFO «9.6.2018 22:1:42» Express] -> Express server running on port 8080!
[INFO «9.6.2018 22:1:46» Express routes] -> Authorization success | id: 5b1c22f6a1fde71560707d5c
[INFO «9.6.2018 22:7:19» Express] -> Express server running on port 8080!
[INFO «9.6.2018 22:8:10» Express routes] -> Authorization success | id: 5b1c22f6a1fde71560707d5c
[INFO «9.6.2018 22:9:39» Express] -> Express server running on port 8080!
[INFO «9.6.2018 22:9:59» Express routes] -> Registration success | id: 5b1c2607ac3db11ba0509e0a
[INFO «9.6.2018 22:17:32» Express] -> Express server running on port 8080!
[INFO «9.6.2018 22:19:45» Express] -> Express server running on port 8080!
[INFO «9.6.2018 22:21:17» Express routes] -> Authorization success | id: 5b1c2607ac3db11ba0509e0a
[DEBUG «9.6.2018 22:23:7» Express routes] -> User quit | id: 5b1c2607ac3db11ba0509e0a
[INFO «9.6.2018 22:23:38» Express routes] -> Registration success | id: 5b1c293ad5cfd81b2cd8681f
[INFO «9.6.2018 22:24:23» Express routes] -> Authorization success | id: 5b1c293ad5cfd81b2cd8681f
[DEBUG «9.6.2018 22:24:51» Express routes] -> User quit | id: 5b1c293ad5cfd81b2cd8681f
[INFO «9.6.2018 22:25:4» Express routes] -> Authorization success | id: 5b1c293ad5cfd81b2cd8681f
[INFO «9.6.2018 22:26:59» Express routes] -> File successfully removed | id: 5b1c29ffd5cfd81b2cd86820
[DEBUG «9.6.2018 22:27:31» Express routes] -> User quit | id: 5b1c293ad5cfd81b2cd8681f
