[INFO «11.6.2018 23:30:56» Express] -> Express server running on port 8080!
[INFO «11.6.2018 23:34:33» Express routes] -> Registration success | id: 5b1edcd96ba05015bc519969
[INFO «11.6.2018 23:35:10» Express routes] -> Authorization success | id: 5b1edcd96ba05015bc519969
[DEBUG «11.6.2018 23:35:45» Express routes] -> User quit | id: 5b1edcd96ba05015bc519969
[INFO «11.6.2018 23:36:19» Express] -> Express server running on port 8080!
[INFO «11.6.2018 23:36:22» Express routes] -> Authorization success | id: 5b1edcd96ba05015bc519969
[INFO «11.6.2018 23:36:25» Express routes] -> File successfully removed | id: 5b1edd166ba05015bc51996b
[INFO «11.6.2018 23:36:26» Express routes] -> File successfully removed | id: 5b1edd066ba05015bc51996a
[INFO «11.6.2018 23:36:41» Express routes] -> File successfully downloaded | id: 5b1edd4eefac3911c0558382
[DEBUG «11.6.2018 23:36:43» Express routes] -> User quit | id: 5b1edcd96ba05015bc519969
[INFO «11.6.2018 23:37:19» Express] -> Express server running on port 8080!
[INFO «11.6.2018 23:37:43» Express] -> Express server running on port 8080!
[INFO «11.6.2018 23:38:2» Express] -> Express server running on port 8080!
[INFO «11.6.2018 23:38:36» Express] -> Express server running on port 8080!
[INFO «11.6.2018 23:38:56» Express] -> Express server running on port 8080!
[INFO «11.6.2018 23:40:15» Express] -> Express server running on port 8080!
[INFO «11.6.2018 23:40:38» Express] -> Express server running on port 8080!
[INFO «11.6.2018 23:42:49» Express] -> Express server running on port 8080!
[INFO «11.6.2018 23:43:22» Express] -> Express server running on port 8080!
[INFO «11.6.2018 23:43:53» Express] -> Express server running on port 8080!
[INFO «11.6.2018 23:44:59» Express] -> Express server running on port 8080!
[INFO «11.6.2018 23:45:23» Express] -> Express server running on port 8080!
[INFO «11.6.2018 23:47:0» Express] -> Express server running on port 8080!
[INFO «11.6.2018 23:47:14» Express] -> Express server running on port 8080!
[INFO «11.6.2018 23:47:58» Express] -> Express server running on port 8080!
[INFO «11.6.2018 23:49:29» Express] -> Express server running on port 8080!
[INFO «11.6.2018 23:50:44» Express] -> Express server running on port 8080!
[INFO «11.6.2018 23:50:57» Express] -> Express server running on port 8080!
[INFO «11.6.2018 23:51:29» Express] -> Express server running on port 8080!
[INFO «11.6.2018 23:51:30» Express routes] -> File successfully downloaded | id: 5b1edd4eefac3911c0558382
[INFO «11.6.2018 23:51:32» Express routes] -> File successfully downloaded | id: 5b1edd4eefac3911c0558382
[INFO «11.6.2018 23:51:43» Express routes] -> File successfully downloaded | id: 5b1edd4eefac3911c0558382
[INFO «11.6.2018 23:51:46» Express] -> Express server running on port 8080!
[INFO «11.6.2018 23:51:49» Express routes] -> File successfully downloaded | id: 5b1edd4eefac3911c0558382
[INFO «11.6.2018 23:51:53» Express routes] -> Authorization success | id: 5b1edcd96ba05015bc519969
[DEBUG «11.6.2018 23:52:2» Express routes] -> User quit | id: 5b1edcd96ba05015bc519969
[INFO «11.6.2018 23:52:5» Express routes] -> File successfully downloaded | id: 5b1edd4eefac3911c0558382
